2026-04-04 13:05:56,346 | INFO | Developer warning: in scikit-learn LogisticRegression, C = 1/lambda.
2026-04-04 13:05:56,346 | INFO | smaller C => stronger regularization penalty; larger C => weaker penalty.
2026-04-04 13:05:56,351 | INFO | C=   0.001 train_acc=0.8879 test_acc=0.9298 gap=-0.0419 note=strong_regularization_underfit_risk
2026-04-04 13:05:56,353 | INFO | C=   0.010 train_acc=0.9560 test_acc=0.9474 gap=0.0087 note=strong_regularization_underfit_risk
2026-04-04 13:05:56,355 | INFO | C=   0.100 train_acc=0.9868 test_acc=0.9737 gap=0.0131 note=balanced_range_candidate
2026-04-04 13:05:56,359 | INFO | C=   1.000 train_acc=0.9890 test_acc=0.9825 gap=0.0066 note=balanced_range_candidate
2026-04-04 13:05:56,365 | INFO | C=  10.000 train_acc=0.9912 test_acc=0.9649 gap=0.0263 note=balanced_range_candidate
2026-04-04 13:05:56,371 | INFO | C= 100.000 train_acc=0.9934 test_acc=0.9474 gap=0.0460 note=weak_regularization_overfit_risk
2026-04-04 13:05:56,382 | INFO | C=1000.000 train_acc=0.9956 test_acc=0.9298 gap=0.0658 note=weak_regularization_overfit_risk
2026-04-04 13:05:56,382 | INFO | best_test_accuracy=0.9825 at C=1.000
2026-04-04 13:05:56,383 | INFO | artifact_saved=C:\Users\luixj\AI\red-book\src\stage-1\results\topic11_regularization_metrics.json
2026-04-04 13:06:41,392 | INFO | Developer warning: in scikit-learn LogisticRegression, C = 1/lambda.
2026-04-04 13:06:41,392 | INFO | smaller C => stronger regularization penalty; larger C => weaker penalty.
2026-04-04 13:06:41,396 | INFO | C=   0.001 train_acc=0.8879 test_acc=0.9298 gap=-0.0419 note=strong_regularization_underfit_risk
2026-04-04 13:06:41,398 | INFO | C=   0.010 train_acc=0.9560 test_acc=0.9474 gap=0.0087 note=strong_regularization_underfit_risk
2026-04-04 13:06:41,401 | INFO | C=   0.100 train_acc=0.9868 test_acc=0.9737 gap=0.0131 note=balanced_range_candidate
2026-04-04 13:06:41,404 | INFO | C=   1.000 train_acc=0.9890 test_acc=0.9825 gap=0.0066 note=balanced_range_candidate
2026-04-04 13:06:41,408 | INFO | C=  10.000 train_acc=0.9912 test_acc=0.9649 gap=0.0263 note=balanced_range_candidate
2026-04-04 13:06:41,415 | INFO | C= 100.000 train_acc=0.9934 test_acc=0.9474 gap=0.0460 note=weak_regularization_overfit_risk
2026-04-04 13:06:41,425 | INFO | C=1000.000 train_acc=0.9956 test_acc=0.9298 gap=0.0658 note=weak_regularization_overfit_risk
2026-04-04 13:06:41,425 | INFO | best_test_accuracy=0.9825 at C=1.000
2026-04-04 13:06:41,426 | INFO | artifact_saved=C:\Users\luixj\AI\red-book\src\stage-1\results\topic11_regularization_metrics.json
